Command line:
   tbdecoder_isim_beh.exe
     -simmode  gui
     -simrunnum  0
     -socket  50406

Thu Sep 19 13:34:29 2024


 Elaboration Time: 0.046875 sec

 Current Memory Usage: 5150.09 Meg

 Total Signals          : 12
 Total Nets             : 6
 Total Signal Drivers   : 6
 Total Blocks           : 3
 Total Primitive Blocks : 2
 Total Processes        : 5
 Total Traceable Variables  : 8
 Total Scalar Nets and Variables : 366
Total Line Count : 17

 Total Simulation Time: 0.0625 sec

 Current Memory Usage: 4678.23 Meg

Thu Sep 19 16:31:28 2024

