--------------------------------------------------------------------------------
Release 14.7 Trace  (nt64)
Copyright (c) 1995-2013 Xilinx, Inc.  All rights reserved.

C:\Xilinx\14.7\ISE_DS\ISE\bin\nt64\unwrapped\trce.exe -intstyle ise -v 3 -s 4
-n 3 -fastpaths -xml fourbitadder.twx fourbitadder.ncd -o fourbitadder.twr
fourbitadder.pcf

Design file:              fourbitadder.ncd
Physical constraint file: fourbitadder.pcf
Device,package,speed:     xc3s1500,fg676,-4 (PRODUCTION 1.39 2013-10-13)
Report level:             verbose report

Environment Variable      Effect 
--------------------      ------ 
NONE                      No environment variables were set
--------------------------------------------------------------------------------

INFO:Timing:2698 - No timing constraints found, doing default enumeration.
INFO:Timing:3412 - To improve timing, see the Timing Closure User Guide (UG612).
INFO:Timing:2752 - To get complete path coverage, use the unconstrained paths 
   option. All paths that are not constrained will be reported in the 
   unconstrained paths section(s) of the report.
INFO:Timing:3339 - The clock-to-out numbers in this timing report are based on 
   a 50 Ohm transmission line loading model.  For the details of this model, 
   and for more information on accounting for different loading conditions, 
   please see the device datasheet.
INFO:Timing:3390 - This architecture does not support a default System Jitter 
   value, please add SYSTEM_JITTER constraint to the UCF to modify the Clock 
   Uncertainty calculation.
INFO:Timing:3389 - This architecture does not support 'Discrete Jitter' and 
   'Phase Error' calculations, these terms will be zero in the Clock 
   Uncertainty calculation.  Please make appropriate modification to 
   SYSTEM_JITTER to account for the unsupported Discrete Jitter and Phase 
   Error.



Data Sheet report:
-----------------
All values displayed in nanoseconds (ns)

Pad to Pad
---------------+---------------+---------+
Source Pad     |Destination Pad|  Delay  |
---------------+---------------+---------+
Cin            |Cout           |   10.604|
Cin            |sum<0>         |    7.680|
Cin            |sum<1>         |    8.367|
Cin            |sum<2>         |    9.376|
Cin            |sum<3>         |   10.270|
X<0>           |Cout           |   10.250|
X<0>           |sum<0>         |    7.790|
X<0>           |sum<1>         |    8.013|
X<0>           |sum<2>         |    9.022|
X<0>           |sum<3>         |    9.916|
X<1>           |Cout           |    9.908|
X<1>           |sum<1>         |    7.256|
X<1>           |sum<2>         |    8.680|
X<1>           |sum<3>         |    9.574|
X<2>           |Cout           |    8.541|
X<2>           |sum<2>         |    7.626|
X<2>           |sum<3>         |    8.207|
X<3>           |Cout           |    8.179|
X<3>           |sum<3>         |    7.839|
Y<0>           |Cout           |   10.759|
Y<0>           |sum<0>         |    7.962|
Y<0>           |sum<1>         |    8.522|
Y<0>           |sum<2>         |    9.531|
Y<0>           |sum<3>         |   10.425|
Y<1>           |Cout           |    9.730|
Y<1>           |sum<1>         |    7.511|
Y<1>           |sum<2>         |    8.502|
Y<1>           |sum<3>         |    9.396|
Y<2>           |Cout           |    9.100|
Y<2>           |sum<2>         |    7.848|
Y<2>           |sum<3>         |    8.766|
Y<3>           |Cout           |    7.968|
Y<3>           |sum<3>         |    7.704|
---------------+---------------+---------+


Analysis completed Sat Sep 21 23:22:20 2024 
--------------------------------------------------------------------------------

Trace Settings:
-------------------------
Trace Settings 

Peak Memory Usage: 4518 MB



