Running: C:\Xilinx\14.7\ISE_DS\ISE\bin\nt64\unwrapped\fuse.exe -intstyle ise -incremental -o C:/Users/korisnik/Desktop/VHDL/fourbitadder/tbfourbitadder_isim_beh.exe -prj C:/Users/korisnik/Desktop/VHDL/fourbitadder/tbfourbitadder_beh.prj work.tbfourbitadder 
ISim P.20131013 (signature 0x7708f090)
Number of CPUs detected in this system: 4
Turning on mult-threading, number of parallel sub-compilation jobs: 8 
Determining compilation order of HDL files
Parsing VHDL file "C:/Users/korisnik/Desktop/VHDL/fourbitadder/sabirac4bit.vhd" into library work
Parsing VHDL file "C:/Users/korisnik/Desktop/VHDL/fourbitadder/fourbitadder.vhd" into library work
Parsing VHDL file "C:/Users/korisnik/Desktop/VHDL/fourbitadder/tbfourbitadder.vhd" into library work
Starting static elaboration
Completed static elaboration
Compiling package standard
Compiling package std_logic_1164
Compiling architecture behavioral of entity sabirac4bit [sabirac4bit_default]
Compiling architecture behavioral of entity fourbitadder [fourbitadder_default]
Compiling architecture behavior of entity tbfourbitadder
Time Resolution for simulation is 1ps.
Waiting for 1 sub-compilation(s) to finish...
Compiled 7 VHDL Units
Built simulation executable C:/Users/korisnik/Desktop/VHDL/fourbitadder/tbfourbitadder_isim_beh.exe
Fuse Memory Usage: 29268 KB
Fuse CPU Usage: 421 ms
